0 info it worked if it ends with ok
1 verbose cli [ 'C:\\Program Files\\nodejs\\\\node.exe',
1 verbose cli   'C:\\Program Files\\nodejs\\node_modules\\npm\\bin\\npm-cli.js',
1 verbose cli   'install' ]
2 info using npm@1.4.28
3 info using node@v0.10.36
4 verbose node symlink C:\Program Files\nodejs\\node.exe
5 verbose readDependencies using package.json deps
6 verbose install where, deps [ 'C:\\Node\\nodetest1',
6 verbose install   [ 'body-parser',
6 verbose install     'cookie-parser',
6 verbose install     'debug',
6 verbose install     'express',
6 verbose install     'jade',
6 verbose install     'mongodb',
6 verbose install     'monk',
6 verbose install     'morgan',
6 verbose install     'node',
6 verbose install     'serve-favicon' ] ]
7 info preinstall nodetest1@0.0.0
8 warn package.json node@0.0.0 No description
9 warn package.json node@0.0.0 No repository field.
10 warn package.json node@0.0.0 No README data
11 verbose readDependencies using package.json deps
12 verbose already installed skipping body-parser@~1.10.2 C:\Node\nodetest1
13 verbose already installed skipping cookie-parser@~1.3.3 C:\Node\nodetest1
14 verbose already installed skipping debug@~2.1.1 C:\Node\nodetest1
15 verbose already installed skipping express@~4.11.1 C:\Node\nodetest1
16 verbose already installed skipping jade@~1.9.1 C:\Node\nodetest1
17 verbose already installed skipping mongodb@* C:\Node\nodetest1
18 verbose already installed skipping monk@* C:\Node\nodetest1
19 verbose already installed skipping morgan@~1.5.1 C:\Node\nodetest1
20 verbose cache add [ 'node@0.10.36', null ]
21 verbose cache add name=undefined spec="node@0.10.36" args=["node@0.10.36",null]
22 verbose parsed url { protocol: null,
22 verbose parsed url   slashes: null,
22 verbose parsed url   auth: null,
22 verbose parsed url   host: null,
22 verbose parsed url   port: null,
22 verbose parsed url   hostname: null,
22 verbose parsed url   hash: null,
22 verbose parsed url   search: null,
22 verbose parsed url   query: null,
22 verbose parsed url   pathname: 'node@0.10.36',
22 verbose parsed url   path: 'node@0.10.36',
22 verbose parsed url   href: 'node@0.10.36' }
23 verbose already installed skipping serve-favicon@~2.2.0 C:\Node\nodetest1
24 verbose cache add name="node" spec="0.10.36" args=["node","0.10.36"]
25 verbose parsed url { protocol: null,
25 verbose parsed url   slashes: null,
25 verbose parsed url   auth: null,
25 verbose parsed url   host: null,
25 verbose parsed url   port: null,
25 verbose parsed url   hostname: null,
25 verbose parsed url   hash: null,
25 verbose parsed url   search: null,
25 verbose parsed url   query: null,
25 verbose parsed url   pathname: '0.10.36',
25 verbose parsed url   path: '0.10.36',
25 verbose parsed url   href: '0.10.36' }
26 verbose addNamed [ 'node', '0.10.36' ]
27 verbose addNamed [ '0.10.36', '0.10.36' ]
28 silly lockFile 7c9f857e-node-0-10-36 node@0.10.36
29 verbose lock node@0.10.36 C:\Users\cgremore\AppData\Roaming\npm-cache\7c9f857e-node-0-10-36.lock
30 verbose request where is /node
31 verbose request registry https://registry.npmjs.org/
32 verbose request id 424df0848c8014e8
33 verbose url raw /node
34 verbose url resolving [ 'https://registry.npmjs.org/', './node' ]
35 verbose url resolved https://registry.npmjs.org/node
36 verbose request where is https://registry.npmjs.org/node
37 info trying registry request attempt 1 at 15:48:45
38 verbose etag "BWJ3173VMWU79FIC4YM65REKP"
39 http GET https://registry.npmjs.org/node
40 http 304 https://registry.npmjs.org/node
41 silly registry.get cb [ 304,
41 silly registry.get   { date: 'Thu, 05 Feb 2015 23:48:45 GMT',
41 silly registry.get     server: 'Apache',
41 silly registry.get     via: '1.1 varnish',
41 silly registry.get     'last-modified': 'Thu, 05 Feb 2015 23:48:45 GMT',
41 silly registry.get     'cache-control': 'max-age=60',
41 silly registry.get     etag: '"BWJ3173VMWU79FIC4YM65REKP"',
41 silly registry.get     age: '0',
41 silly registry.get     'x-served-by': 'cache-sjc3130-SJC',
41 silly registry.get     'x-cache': 'MISS',
41 silly registry.get     'x-cache-hits': '0',
41 silly registry.get     'x-timer': 'S1423180125.424840,VS0,VE82',
41 silly registry.get     vary: 'Accept',
41 silly registry.get     'content-length': '0',
41 silly registry.get     'keep-alive': 'timeout=10, max=50',
41 silly registry.get     connection: 'Keep-Alive' } ]
42 verbose etag https://registry.npmjs.org/node from cache
43 silly lockFile 7c9f857e-node-0-10-36 node@0.10.36
44 silly lockFile 7c9f857e-node-0-10-36 node@0.10.36
45 error Error: version not found: node@0.10.36
45 error     at C:\Program Files\nodejs\node_modules\npm\lib\cache\add-named.js:125:12
45 error     at saved (C:\Program Files\nodejs\node_modules\npm\node_modules\npm-registry-client\lib\get.js:167:7)
45 error     at Object.oncomplete (fs.js:108:15)
46 error If you need help, you may report this *entire* log,
46 error including the npm and node versions, at:
46 error     <http://github.com/npm/npm/issues>
47 error System Windows_NT 6.1.7601
48 error command "C:\\Program Files\\nodejs\\\\node.exe" "C:\\Program Files\\nodejs\\node_modules\\npm\\bin\\npm-cli.js" "install"
49 error cwd C:\Node\nodetest1
50 error node -v v0.10.36
51 error npm -v 1.4.28
52 verbose exit [ 1, true ]
